<?xml version="1.0" encoding="UTF-8"?>
<!-- Generated by org.testng.reporters.JUnitReportReporter -->
<testsuite hostname="DESKTOP-66FS9LU" failures="0" tests="1" name="testCases.AddCategoryPageTestCases" time="7.562" errors="0" timestamp="2022-07-14T20:26:19 IST" skipped="0">
  <testcase classname="testCases.AddCategoryPageTestCases" name="verifyCategoryGroupItemIsSelected" time="7.562"/>
  <system-out/>
</testsuite> <!-- testCases.AddCategoryPageTestCases -->
